The target system is: Generic -  - 
The host system is: Linux - 5.15.68.1-microsoft-standard-WSL2 - x86_64
Compiling the C compiler identification source file "CMakeCCompilerId.c" succeeded.
Compiler: /home/adrian/esp/xtensa-lx106-elf/bin/xtensa-lx106-elf-gcc 
Build flags: -mlongcalls;-Wno-frame-address
Id flags:  

The output was:
0


Compilation of the C compiler identification source "CMakeCCompilerId.c" produced "a.out"

The C compiler identification is GNU, found in "/home/adrian/esp/3006-workspace/Projects/group_project/build/CMakeFiles/3.16.3/CompilerIdC/a.out"

Compiling the CXX compiler identification source file "CMakeCXXCompilerId.cpp" succeeded.
Compiler: /home/adrian/esp/xtensa-lx106-elf/bin/xtensa-lx106-elf-g++ 
Build flags: -mlongcalls;-Wno-frame-address
Id flags:  

The output was:
0


Compilation of the CXX compiler identification source "CMakeCXXCompilerId.cpp" produced "a.out"

The CXX compiler identification is GNU, found in "/home/adrian/esp/3006-workspace/Projects/group_project/build/CMakeFiles/3.16.3/CompilerIdCXX/a.out"

Checking whether the ASM compiler is GNU using "--version" matched "(GNU assembler)|(GCC)|(Free Software Foundation)":
xtensa-lx106-elf-gcc (crosstool-NG esp-2020r3-49-gd5524c1) 8.4.0
Copyright (C) 2018 Free Software Foundation, Inc.
This is free software; see the source for copying conditions.  There is NO
warranty; not even for MERCHANTABILITY or FITNESS FOR A PARTICULAR PURPOSE.

Determining if the C compiler works passed with the following output:
Change Dir: /home/adrian/esp/3006-workspace/Projects/group_project/build/CMakeFiles/CMakeTmp

Run Build Command(s):/usr/bin/ninja cmTC_292d8 && [1/2] Building C object CMakeFiles/cmTC_292d8.dir/testCCompiler.c.obj
[2/2] Linking C executable cmTC_292d8
/home/adrian/esp/xtensa-lx106-elf/bin/../lib/gcc/xtensa-lx106-elf/8.4.0/../../../../xtensa-lx106-elf/bin/ld: warning: cannot find entry symbol _start; not setting start address



Detecting C compiler ABI info compiled with the following output:
Change Dir: /home/adrian/esp/3006-workspace/Projects/group_project/build/CMakeFiles/CMakeTmp

Run Build Command(s):/usr/bin/ninja cmTC_16043 && [1/2] Building C object CMakeFiles/cmTC_16043.dir/CMakeCCompilerABI.c.obj
Using built-in specs.
COLLECT_GCC=/home/adrian/esp/xtensa-lx106-elf/bin/xtensa-lx106-elf-gcc
Target: xtensa-lx106-elf
Configured with: /builds/idf/crosstool-NG/.build/xtensa-lx106-elf/src/gcc/configure --build=x86_64-build_pc-linux-gnu --host=x86_64-build_pc-linux-gnu --target=xtensa-lx106-elf --prefix=/builds/idf/crosstool-NG/builds/xtensa-lx106-elf --with-local-prefix=/builds/idf/crosstool-NG/builds/xtensa-lx106-elf/xtensa-lx106-elf --with-headers=/builds/idf/crosstool-NG/builds/xtensa-lx106-elf/xtensa-lx106-elf/include --with-newlib --enable-threads=no --disable-shared --with-pkgversion='crosstool-NG esp-2020r3-49-gd5524c1' --disable-__cxa_atexit --enable-cxx-flags=-ffunction-sections --disable-libgomp --disable-libmudflap --disable-libmpx --disable-libssp --disable-libquadmath --disable-libquadmath-support --with-gmp=/builds/idf/crosstool-NG/.build/xtensa-lx106-elf/buildtools --with-mpfr=/builds/idf/crosstool-NG/.build/xtensa-lx106-elf/buildtools --with-mpc=/builds/idf/crosstool-NG/.build/xtensa-lx106-elf/buildtools --with-isl=/builds/idf/crosstool-NG/.build/xtensa-lx106-elf/buildtools --enable-lto --enable-target-optspace --without-long-double-128 --disable-nls --enable-multiarch --enable-languages=c,c++ --disable-libstdcxx-verbose --enable-threads=posix --enable-libstdcxx-time=yes
Thread model: posix
gcc version 8.4.0 (crosstool-NG esp-2020r3-49-gd5524c1) 
COLLECT_GCC_OPTIONS='-mlongcalls' '-Wno-frame-address' '-v' '-o' 'CMakeFiles/cmTC_16043.dir/CMakeCCompilerABI.c.obj' '-c'
 /home/adrian/esp/xtensa-lx106-elf/bin/../libexec/gcc/xtensa-lx106-elf/8.4.0/cc1 -quiet -v -iprefix /home/adrian/esp/xtensa-lx106-elf/bin/../lib/gcc/xtensa-lx106-elf/8.4.0/ /usr/share/cmake-3.16/Modules/CMakeCCompilerABI.c -quiet -dumpbase CMakeCCompilerABI.c -mlongcalls -auxbase-strip CMakeFiles/cmTC_16043.dir/CMakeCCompilerABI.c.obj -Wno-frame-address -version -o /tmp/cc9gXSyD.s
GNU C17 (crosstool-NG esp-2020r3-49-gd5524c1) version 8.4.0 (xtensa-lx106-elf)
	compiled by GNU C version 4.9.2, GMP version 6.1.2, MPFR version 4.0.1, MPC version 1.1.0, isl version isl-0.19-GMP

GGC heuristics: --param ggc-min-expand=100 --param ggc-min-heapsize=131072
ignoring duplicate directory "/home/adrian/esp/xtensa-lx106-elf/bin/../lib/gcc/../../lib/gcc/xtensa-lx106-elf/8.4.0/include"
ignoring duplicate directory "/home/adrian/esp/xtensa-lx106-elf/bin/../lib/gcc/../../lib/gcc/xtensa-lx106-elf/8.4.0/include-fixed"
ignoring duplicate directory "/home/adrian/esp/xtensa-lx106-elf/bin/../lib/gcc/../../lib/gcc/xtensa-lx106-elf/8.4.0/../../../../xtensa-lx106-elf/sys-include"
ignoring duplicate directory "/home/adrian/esp/xtensa-lx106-elf/bin/../lib/gcc/../../lib/gcc/xtensa-lx106-elf/8.4.0/../../../../xtensa-lx106-elf/include"
#include "..." search starts here:
#include <...> search starts here:
 /home/adrian/esp/xtensa-lx106-elf/bin/../lib/gcc/xtensa-lx106-elf/8.4.0/include
 /home/adrian/esp/xtensa-lx106-elf/bin/../lib/gcc/xtensa-lx106-elf/8.4.0/include-fixed
 /home/adrian/esp/xtensa-lx106-elf/bin/../lib/gcc/xtensa-lx106-elf/8.4.0/../../../../xtensa-lx106-elf/sys-include
 /home/adrian/esp/xtensa-lx106-elf/bin/../lib/gcc/xtensa-lx106-elf/8.4.0/../../../../xtensa-lx106-elf/include
End of search list.
GNU C17 (crosstool-NG esp-2020r3-49-gd5524c1) version 8.4.0 (xtensa-lx106-elf)
	compiled by GNU C version 4.9.2, GMP version 6.1.2, MPFR version 4.0.1, MPC version 1.1.0, isl version isl-0.19-GMP

GGC heuristics: --param ggc-min-expand=100 --param ggc-min-heapsize=131072
Compiler executable checksum: 48e58fa3e6eb2de9fad439857fcdf42a
COLLECT_GCC_OPTIONS='-mlongcalls' '-Wno-frame-address' '-v' '-o' 'CMakeFiles/cmTC_16043.dir/CMakeCCompilerABI.c.obj' '-c'
 /home/adrian/esp/xtensa-lx106-elf/bin/../lib/gcc/xtensa-lx106-elf/8.4.0/../../../../xtensa-lx106-elf/bin/as --traditional-format --longcalls -o CMakeFiles/cmTC_16043.dir/CMakeCCompilerABI.c.obj /tmp/cc9gXSyD.s
COMPILER_PATH=/home/adrian/esp/xtensa-lx106-elf/bin/../libexec/gcc/xtensa-lx106-elf/8.4.0/:/home/adrian/esp/xtensa-lx106-elf/bin/../libexec/gcc/:/home/adrian/esp/xtensa-lx106-elf/bin/../lib/gcc/xtensa-lx106-elf/8.4.0/../../../../xtensa-lx106-elf/bin/
LIBRARY_PATH=/home/adrian/esp/xtensa-lx106-elf/bin/../lib/gcc/xtensa-lx106-elf/8.4.0/:/home/adrian/esp/xtensa-lx106-elf/bin/../lib/gcc/:/home/adrian/esp/xtensa-lx106-elf/bin/../lib/gcc/xtensa-lx106-elf/8.4.0/../../../../xtensa-lx106-elf/lib/
COLLECT_GCC_OPTIONS='-mlongcalls' '-Wno-frame-address' '-v' '-o' 'CMakeFiles/cmTC_16043.dir/CMakeCCompilerABI.c.obj' '-c'
[2/2] Linking C executable cmTC_16043
Using built-in specs.
COLLECT_GCC=/home/adrian/esp/xtensa-lx106-elf/bin/xtensa-lx106-elf-gcc
COLLECT_LTO_WRAPPER=/home/adrian/esp/xtensa-lx106-elf/bin/../libexec/gcc/xtensa-lx106-elf/8.4.0/lto-wrapper
Target: xtensa-lx106-elf
Configured with: /builds/idf/crosstool-NG/.build/xtensa-lx106-elf/src/gcc/configure --build=x86_64-build_pc-linux-gnu --host=x86_64-build_pc-linux-gnu --target=xtensa-lx106-elf --prefix=/builds/idf/crosstool-NG/builds/xtensa-lx106-elf --with-local-prefix=/builds/idf/crosstool-NG/builds/xtensa-lx106-elf/xtensa-lx106-elf --with-headers=/builds/idf/crosstool-NG/builds/xtensa-lx106-elf/xtensa-lx106-elf/include --with-newlib --enable-threads=no --disable-shared --with-pkgversion='crosstool-NG esp-2020r3-49-gd5524c1' --disable-__cxa_atexit --enable-cxx-flags=-ffunction-sections --disable-libgomp --disable-libmudflap --disable-libmpx --disable-libssp --disable-libquadmath --disable-libquadmath-support --with-gmp=/builds/idf/crosstool-NG/.build/xtensa-lx106-elf/buildtools --with-mpfr=/builds/idf/crosstool-NG/.build/xtensa-lx106-elf/buildtools --with-mpc=/builds/idf/crosstool-NG/.build/xtensa-lx106-elf/buildtools --with-isl=/builds/idf/crosstool-NG/.build/xtensa-lx106-elf/buildtools --enable-lto --enable-target-optspace --without-long-double-128 --disable-nls --enable-multiarch --enable-languages=c,c++ --disable-libstdcxx-verbose --enable-threads=posix --enable-libstdcxx-time=yes
Thread model: posix
gcc version 8.4.0 (crosstool-NG esp-2020r3-49-gd5524c1) 
COMPILER_PATH=/home/adrian/esp/xtensa-lx106-elf/bin/../libexec/gcc/xtensa-lx106-elf/8.4.0/:/home/adrian/esp/xtensa-lx106-elf/bin/../libexec/gcc/:/home/adrian/esp/xtensa-lx106-elf/bin/../lib/gcc/xtensa-lx106-elf/8.4.0/../../../../xtensa-lx106-elf/bin/
LIBRARY_PATH=/home/adrian/esp/xtensa-lx106-elf/bin/../lib/gcc/xtensa-lx106-elf/8.4.0/:/home/adrian/esp/xtensa-lx106-elf/bin/../lib/gcc/:/home/adrian/esp/xtensa-lx106-elf/bin/../lib/gcc/xtensa-lx106-elf/8.4.0/../../../../xtensa-lx106-elf/lib/
COLLECT_GCC_OPTIONS='-mlongcalls' '-Wno-frame-address' '-nostdlib' '-v' '-o' 'cmTC_16043'
 /home/adrian/esp/xtensa-lx106-elf/bin/../libexec/gcc/xtensa-lx106-elf/8.4.0/collect2 -plugin /home/adrian/esp/xtensa-lx106-elf/bin/../libexec/gcc/xtensa-lx106-elf/8.4.0/liblto_plugin.so -plugin-opt=/home/adrian/esp/xtensa-lx106-elf/bin/../libexec/gcc/xtensa-lx106-elf/8.4.0/lto-wrapper -plugin-opt=-fresolution=/tmp/cc2HJDNX.res -o cmTC_16043 -L/home/adrian/esp/xtensa-lx106-elf/bin/../lib/gcc/xtensa-lx106-elf/8.4.0 -L/home/adrian/esp/xtensa-lx106-elf/bin/../lib/gcc -L/home/adrian/esp/xtensa-lx106-elf/bin/../lib/gcc/xtensa-lx106-elf/8.4.0/../../../../xtensa-lx106-elf/lib --gc-sections CMakeFiles/cmTC_16043.dir/CMakeCCompilerABI.c.obj
/home/adrian/esp/xtensa-lx106-elf/bin/../lib/gcc/xtensa-lx106-elf/8.4.0/../../../../xtensa-lx106-elf/bin/ld: warning: cannot find entry symbol _start; not setting start address
COLLECT_GCC_OPTIONS='-mlongcalls' '-Wno-frame-address' '-nostdlib' '-v' '-o' 'cmTC_16043'



Parsed C implicit include dir info from above output: rv=done
  found start of include info
  found start of implicit include info
    add: [/home/adrian/esp/xtensa-lx106-elf/bin/../lib/gcc/xtensa-lx106-elf/8.4.0/include]
    add: [/home/adrian/esp/xtensa-lx106-elf/bin/../lib/gcc/xtensa-lx106-elf/8.4.0/include-fixed]
    add: [/home/adrian/esp/xtensa-lx106-elf/bin/../lib/gcc/xtensa-lx106-elf/8.4.0/../../../../xtensa-lx106-elf/sys-include]
    add: [/home/adrian/esp/xtensa-lx106-elf/bin/../lib/gcc/xtensa-lx106-elf/8.4.0/../../../../xtensa-lx106-elf/include]
  end of search list found
  collapse include dir [/home/adrian/esp/xtensa-lx106-elf/bin/../lib/gcc/xtensa-lx106-elf/8.4.0/include] ==> [/home/adrian/esp/xtensa-lx106-elf/lib/gcc/xtensa-lx106-elf/8.4.0/include]
  collapse include dir [/home/adrian/esp/xtensa-lx106-elf/bin/../lib/gcc/xtensa-lx106-elf/8.4.0/include-fixed] ==> [/home/adrian/esp/xtensa-lx106-elf/lib/gcc/xtensa-lx106-elf/8.4.0/include-fixed]
  collapse include dir [/home/adrian/esp/xtensa-lx106-elf/bin/../lib/gcc/xtensa-lx106-elf/8.4.0/../../../../xtensa-lx106-elf/sys-include] ==> [/home/adrian/esp/xtensa-lx106-elf/xtensa-lx106-elf/sys-include]
  collapse include dir [/home/adrian/esp/xtensa-lx106-elf/bin/../lib/gcc/xtensa-lx106-elf/8.4.0/../../../../xtensa-lx106-elf/include] ==> [/home/adrian/esp/xtensa-lx106-elf/xtensa-lx106-elf/include]
  implicit include dirs: [/home/adrian/esp/xtensa-lx106-elf/lib/gcc/xtensa-lx106-elf/8.4.0/include;/home/adrian/esp/xtensa-lx106-elf/lib/gcc/xtensa-lx106-elf/8.4.0/include-fixed;/home/adrian/esp/xtensa-lx106-elf/xtensa-lx106-elf/sys-include;/home/adrian/esp/xtensa-lx106-elf/xtensa-lx106-elf/include]


Parsed C implicit link information from above output:
  link line regex: [^( *|.*[/\])(xtensa-lx106-elf-ld|CMAKE_LINK_STARTFILE-NOTFOUND|([^/\]+-)?ld|collect2)[^/\]*( |$)]
  ignore line: [Change Dir: /home/adrian/esp/3006-workspace/Projects/group_project/build/CMakeFiles/CMakeTmp]
  ignore line: []
  ignore line: [Run Build Command(s):/usr/bin/ninja cmTC_16043 && [1/2] Building C object CMakeFiles/cmTC_16043.dir/CMakeCCompilerABI.c.obj]
  ignore line: [Using built-in specs.]
  ignore line: [COLLECT_GCC=/home/adrian/esp/xtensa-lx106-elf/bin/xtensa-lx106-elf-gcc]
  ignore line: [Target: xtensa-lx106-elf]
  ignore line: [Configured with: /builds/idf/crosstool-NG/.build/xtensa-lx106-elf/src/gcc/configure --build=x86_64-build_pc-linux-gnu --host=x86_64-build_pc-linux-gnu --target=xtensa-lx106-elf --prefix=/builds/idf/crosstool-NG/builds/xtensa-lx106-elf --with-local-prefix=/builds/idf/crosstool-NG/builds/xtensa-lx106-elf/xtensa-lx106-elf --with-headers=/builds/idf/crosstool-NG/builds/xtensa-lx106-elf/xtensa-lx106-elf/include --with-newlib --enable-threads=no --disable-shared --with-pkgversion='crosstool-NG esp-2020r3-49-gd5524c1' --disable-__cxa_atexit --enable-cxx-flags=-ffunction-sections --disable-libgomp --disable-libmudflap --disable-libmpx --disable-libssp --disable-libquadmath --disable-libquadmath-support --with-gmp=/builds/idf/crosstool-NG/.build/xtensa-lx106-elf/buildtools --with-mpfr=/builds/idf/crosstool-NG/.build/xtensa-lx106-elf/buildtools --with-mpc=/builds/idf/crosstool-NG/.build/xtensa-lx106-elf/buildtools --with-isl=/builds/idf/crosstool-NG/.build/xtensa-lx106-elf/buildtools --enable-lto --enable-target-optspace --without-long-double-128 --disable-nls --enable-multiarch --enable-languages=c c++ --disable-libstdcxx-verbose --enable-threads=posix --enable-libstdcxx-time=yes]
  ignore line: [Thread model: posix]
  ignore line: [gcc version 8.4.0 (crosstool-NG esp-2020r3-49-gd5524c1) ]
  ignore line: [COLLECT_GCC_OPTIONS='-mlongcalls' '-Wno-frame-address' '-v' '-o' 'CMakeFiles/cmTC_16043.dir/CMakeCCompilerABI.c.obj' '-c']
  ignore line: [ /home/adrian/esp/xtensa-lx106-elf/bin/../libexec/gcc/xtensa-lx106-elf/8.4.0/cc1 -quiet -v -iprefix /home/adrian/esp/xtensa-lx106-elf/bin/../lib/gcc/xtensa-lx106-elf/8.4.0/ /usr/share/cmake-3.16/Modules/CMakeCCompilerABI.c -quiet -dumpbase CMakeCCompilerABI.c -mlongcalls -auxbase-strip CMakeFiles/cmTC_16043.dir/CMakeCCompilerABI.c.obj -Wno-frame-address -version -o /tmp/cc9gXSyD.s]
  ignore line: [GNU C17 (crosstool-NG esp-2020r3-49-gd5524c1) version 8.4.0 (xtensa-lx106-elf)]
  ignore line: [	compiled by GNU C version 4.9.2  GMP version 6.1.2  MPFR version 4.0.1  MPC version 1.1.0  isl version isl-0.19-GMP]
  ignore line: []
  ignore line: [GGC heuristics: --param ggc-min-expand=100 --param ggc-min-heapsize=131072]
  ignore line: [ignoring duplicate directory "/home/adrian/esp/xtensa-lx106-elf/bin/../lib/gcc/../../lib/gcc/xtensa-lx106-elf/8.4.0/include"]
  ignore line: [ignoring duplicate directory "/home/adrian/esp/xtensa-lx106-elf/bin/../lib/gcc/../../lib/gcc/xtensa-lx106-elf/8.4.0/include-fixed"]
  ignore line: [ignoring duplicate directory "/home/adrian/esp/xtensa-lx106-elf/bin/../lib/gcc/../../lib/gcc/xtensa-lx106-elf/8.4.0/../../../../xtensa-lx106-elf/sys-include"]
  ignore line: [ignoring duplicate directory "/home/adrian/esp/xtensa-lx106-elf/bin/../lib/gcc/../../lib/gcc/xtensa-lx106-elf/8.4.0/../../../../xtensa-lx106-elf/include"]
  ignore line: [#include "..." search starts here:]
  ignore line: [#include <...> search starts here:]
  ignore line: [ /home/adrian/esp/xtensa-lx106-elf/bin/../lib/gcc/xtensa-lx106-elf/8.4.0/include]
  ignore line: [ /home/adrian/esp/xtensa-lx106-elf/bin/../lib/gcc/xtensa-lx106-elf/8.4.0/include-fixed]
  ignore line: [ /home/adrian/esp/xtensa-lx106-elf/bin/../lib/gcc/xtensa-lx106-elf/8.4.0/../../../../xtensa-lx106-elf/sys-include]
  ignore line: [ /home/adrian/esp/xtensa-lx106-elf/bin/../lib/gcc/xtensa-lx106-elf/8.4.0/../../../../xtensa-lx106-elf/include]
  ignore line: [End of search list.]
  ignore line: [GNU C17 (crosstool-NG esp-2020r3-49-gd5524c1) version 8.4.0 (xtensa-lx106-elf)]
  ignore line: [	compiled by GNU C version 4.9.2  GMP version 6.1.2  MPFR version 4.0.1  MPC version 1.1.0  isl version isl-0.19-GMP]
  ignore line: []
  ignore line: [GGC heuristics: --param ggc-min-expand=100 --param ggc-min-heapsize=131072]
  ignore line: [Compiler executable checksum: 48e58fa3e6eb2de9fad439857fcdf42a]
  ignore line: [COLLECT_GCC_OPTIONS='-mlongcalls' '-Wno-frame-address' '-v' '-o' 'CMakeFiles/cmTC_16043.dir/CMakeCCompilerABI.c.obj' '-c']
  ignore line: [ /home/adrian/esp/xtensa-lx106-elf/bin/../lib/gcc/xtensa-lx106-elf/8.4.0/../../../../xtensa-lx106-elf/bin/as --traditional-format --longcalls -o CMakeFiles/cmTC_16043.dir/CMakeCCompilerABI.c.obj /tmp/cc9gXSyD.s]
  ignore line: [COMPILER_PATH=/home/adrian/esp/xtensa-lx106-elf/bin/../libexec/gcc/xtensa-lx106-elf/8.4.0/:/home/adrian/esp/xtensa-lx106-elf/bin/../libexec/gcc/:/home/adrian/esp/xtensa-lx106-elf/bin/../lib/gcc/xtensa-lx106-elf/8.4.0/../../../../xtensa-lx106-elf/bin/]
  ignore line: [LIBRARY_PATH=/home/adrian/esp/xtensa-lx106-elf/bin/../lib/gcc/xtensa-lx106-elf/8.4.0/:/home/adrian/esp/xtensa-lx106-elf/bin/../lib/gcc/:/home/adrian/esp/xtensa-lx106-elf/bin/../lib/gcc/xtensa-lx106-elf/8.4.0/../../../../xtensa-lx106-elf/lib/]
  ignore line: [COLLECT_GCC_OPTIONS='-mlongcalls' '-Wno-frame-address' '-v' '-o' 'CMakeFiles/cmTC_16043.dir/CMakeCCompilerABI.c.obj' '-c']
  ignore line: [[2/2] Linking C executable cmTC_16043]
  ignore line: [Using built-in specs.]
  ignore line: [COLLECT_GCC=/home/adrian/esp/xtensa-lx106-elf/bin/xtensa-lx106-elf-gcc]
  ignore line: [COLLECT_LTO_WRAPPER=/home/adrian/esp/xtensa-lx106-elf/bin/../libexec/gcc/xtensa-lx106-elf/8.4.0/lto-wrapper]
  ignore line: [Target: xtensa-lx106-elf]
  ignore line: [Configured with: /builds/idf/crosstool-NG/.build/xtensa-lx106-elf/src/gcc/configure --build=x86_64-build_pc-linux-gnu --host=x86_64-build_pc-linux-gnu --target=xtensa-lx106-elf --prefix=/builds/idf/crosstool-NG/builds/xtensa-lx106-elf --with-local-prefix=/builds/idf/crosstool-NG/builds/xtensa-lx106-elf/xtensa-lx106-elf --with-headers=/builds/idf/crosstool-NG/builds/xtensa-lx106-elf/xtensa-lx106-elf/include --with-newlib --enable-threads=no --disable-shared --with-pkgversion='crosstool-NG esp-2020r3-49-gd5524c1' --disable-__cxa_atexit --enable-cxx-flags=-ffunction-sections --disable-libgomp --disable-libmudflap --disable-libmpx --disable-libssp --disable-libquadmath --disable-libquadmath-support --with-gmp=/builds/idf/crosstool-NG/.build/xtensa-lx106-elf/buildtools --with-mpfr=/builds/idf/crosstool-NG/.build/xtensa-lx106-elf/buildtools --with-mpc=/builds/idf/crosstool-NG/.build/xtensa-lx106-elf/buildtools --with-isl=/builds/idf/crosstool-NG/.build/xtensa-lx106-elf/buildtools --enable-lto --enable-target-optspace --without-long-double-128 --disable-nls --enable-multiarch --enable-languages=c c++ --disable-libstdcxx-verbose --enable-threads=posix --enable-libstdcxx-time=yes]
  ignore line: [Thread model: posix]
  ignore line: [gcc version 8.4.0 (crosstool-NG esp-2020r3-49-gd5524c1) ]
  ignore line: [COMPILER_PATH=/home/adrian/esp/xtensa-lx106-elf/bin/../libexec/gcc/xtensa-lx106-elf/8.4.0/:/home/adrian/esp/xtensa-lx106-elf/bin/../libexec/gcc/:/home/adrian/esp/xtensa-lx106-elf/bin/../lib/gcc/xtensa-lx106-elf/8.4.0/../../../../xtensa-lx106-elf/bin/]
  ignore line: [LIBRARY_PATH=/home/adrian/esp/xtensa-lx106-elf/bin/../lib/gcc/xtensa-lx106-elf/8.4.0/:/home/adrian/esp/xtensa-lx106-elf/bin/../lib/gcc/:/home/adrian/esp/xtensa-lx106-elf/bin/../lib/gcc/xtensa-lx106-elf/8.4.0/../../../../xtensa-lx106-elf/lib/]
  ignore line: [COLLECT_GCC_OPTIONS='-mlongcalls' '-Wno-frame-address' '-nostdlib' '-v' '-o' 'cmTC_16043']
  link line: [ /home/adrian/esp/xtensa-lx106-elf/bin/../libexec/gcc/xtensa-lx106-elf/8.4.0/collect2 -plugin /home/adrian/esp/xtensa-lx106-elf/bin/../libexec/gcc/xtensa-lx106-elf/8.4.0/liblto_plugin.so -plugin-opt=/home/adrian/esp/xtensa-lx106-elf/bin/../libexec/gcc/xtensa-lx106-elf/8.4.0/lto-wrapper -plugin-opt=-fresolution=/tmp/cc2HJDNX.res -o cmTC_16043 -L/home/adrian/esp/xtensa-lx106-elf/bin/../lib/gcc/xtensa-lx106-elf/8.4.0 -L/home/adrian/esp/xtensa-lx106-elf/bin/../lib/gcc -L/home/adrian/esp/xtensa-lx106-elf/bin/../lib/gcc/xtensa-lx106-elf/8.4.0/../../../../xtensa-lx106-elf/lib --gc-sections CMakeFiles/cmTC_16043.dir/CMakeCCompilerABI.c.obj]
    arg [/home/adrian/esp/xtensa-lx106-elf/bin/../libexec/gcc/xtensa-lx106-elf/8.4.0/collect2] ==> ignore
    arg [-plugin] ==> ignore
    arg [/home/adrian/esp/xtensa-lx106-elf/bin/../libexec/gcc/xtensa-lx106-elf/8.4.0/liblto_plugin.so] ==> ignore
    arg [-plugin-opt=/home/adrian/esp/xtensa-lx106-elf/bin/../libexec/gcc/xtensa-lx106-elf/8.4.0/lto-wrapper] ==> ignore
    arg [-plugin-opt=-fresolution=/tmp/cc2HJDNX.res] ==> ignore
    arg [-o] ==> ignore
    arg [cmTC_16043] ==> ignore
    arg [-L/home/adrian/esp/xtensa-lx106-elf/bin/../lib/gcc/xtensa-lx106-elf/8.4.0] ==> dir [/home/adrian/esp/xtensa-lx106-elf/bin/../lib/gcc/xtensa-lx106-elf/8.4.0]
    arg [-L/home/adrian/esp/xtensa-lx106-elf/bin/../lib/gcc] ==> dir [/home/adrian/esp/xtensa-lx106-elf/bin/../lib/gcc]
    arg [-L/home/adrian/esp/xtensa-lx106-elf/bin/../lib/gcc/xtensa-lx106-elf/8.4.0/../../../../xtensa-lx106-elf/lib] ==> dir [/home/adrian/esp/xtensa-lx106-elf/bin/../lib/gcc/xtensa-lx106-elf/8.4.0/../../../../xtensa-lx106-elf/lib]
    arg [--gc-sections] ==> ignore
    arg [CMakeFiles/cmTC_16043.dir/CMakeCCompilerABI.c.obj] ==> ignore
  collapse library dir [/home/adrian/esp/xtensa-lx106-elf/bin/../lib/gcc/xtensa-lx106-elf/8.4.0] ==> [/home/adrian/esp/xtensa-lx106-elf/lib/gcc/xtensa-lx106-elf/8.4.0]
  collapse library dir [/home/adrian/esp/xtensa-lx106-elf/bin/../lib/gcc] ==> [/home/adrian/esp/xtensa-lx106-elf/lib/gcc]
  collapse library dir [/home/adrian/esp/xtensa-lx106-elf/bin/../lib/gcc/xtensa-lx106-elf/8.4.0/../../../../xtensa-lx106-elf/lib] ==> [/home/adrian/esp/xtensa-lx106-elf/xtensa-lx106-elf/lib]
  implicit libs: []
  implicit dirs: [/home/adrian/esp/xtensa-lx106-elf/lib/gcc/xtensa-lx106-elf/8.4.0;/home/adrian/esp/xtensa-lx106-elf/lib/gcc;/home/adrian/esp/xtensa-lx106-elf/xtensa-lx106-elf/lib]
  implicit fwks: []


Determining if the CXX compiler works passed with the following output:
Change Dir: /home/adrian/esp/3006-workspace/Projects/group_project/build/CMakeFiles/CMakeTmp

Run Build Command(s):/usr/bin/ninja cmTC_d1782 && [1/2] Building CXX object CMakeFiles/cmTC_d1782.dir/testCXXCompiler.cxx.obj
[2/2] Linking CXX executable cmTC_d1782
/home/adrian/esp/xtensa-lx106-elf/bin/../lib/gcc/xtensa-lx106-elf/8.4.0/../../../../xtensa-lx106-elf/bin/ld: warning: cannot find entry symbol _start; not setting start address



Detecting CXX compiler ABI info compiled with the following output:
Change Dir: /home/adrian/esp/3006-workspace/Projects/group_project/build/CMakeFiles/CMakeTmp

Run Build Command(s):/usr/bin/ninja cmTC_171f3 && [1/2] Building CXX object CMakeFiles/cmTC_171f3.dir/CMakeCXXCompilerABI.cpp.obj
Using built-in specs.
COLLECT_GCC=/home/adrian/esp/xtensa-lx106-elf/bin/xtensa-lx106-elf-g++
Target: xtensa-lx106-elf
Configured with: /builds/idf/crosstool-NG/.build/xtensa-lx106-elf/src/gcc/configure --build=x86_64-build_pc-linux-gnu --host=x86_64-build_pc-linux-gnu --target=xtensa-lx106-elf --prefix=/builds/idf/crosstool-NG/builds/xtensa-lx106-elf --with-local-prefix=/builds/idf/crosstool-NG/builds/xtensa-lx106-elf/xtensa-lx106-elf --with-headers=/builds/idf/crosstool-NG/builds/xtensa-lx106-elf/xtensa-lx106-elf/include --with-newlib --enable-threads=no --disable-shared --with-pkgversion='crosstool-NG esp-2020r3-49-gd5524c1' --disable-__cxa_atexit --enable-cxx-flags=-ffunction-sections --disable-libgomp --disable-libmudflap --disable-libmpx --disable-libssp --disable-libquadmath --disable-libquadmath-support --with-gmp=/builds/idf/crosstool-NG/.build/xtensa-lx106-elf/buildtools --with-mpfr=/builds/idf/crosstool-NG/.build/xtensa-lx106-elf/buildtools --with-mpc=/builds/idf/crosstool-NG/.build/xtensa-lx106-elf/buildtools --with-isl=/builds/idf/crosstool-NG/.build/xtensa-lx106-elf/buildtools --enable-lto --enable-target-optspace --without-long-double-128 --disable-nls --enable-multiarch --enable-languages=c,c++ --disable-libstdcxx-verbose --enable-threads=posix --enable-libstdcxx-time=yes
Thread model: posix
gcc version 8.4.0 (crosstool-NG esp-2020r3-49-gd5524c1) 
COLLECT_GCC_OPTIONS='-mlongcalls' '-Wno-frame-address' '-v' '-o' 'CMakeFiles/cmTC_171f3.dir/CMakeCXXCompilerABI.cpp.obj' '-c'
 /home/adrian/esp/xtensa-lx106-elf/bin/../libexec/gcc/xtensa-lx106-elf/8.4.0/cc1plus -quiet -v -iprefix /home/adrian/esp/xtensa-lx106-elf/bin/../lib/gcc/xtensa-lx106-elf/8.4.0/ /usr/share/cmake-3.16/Modules/CMakeCXXCompilerABI.cpp -quiet -dumpbase CMakeCXXCompilerABI.cpp -mlongcalls -auxbase-strip CMakeFiles/cmTC_171f3.dir/CMakeCXXCompilerABI.cpp.obj -Wno-frame-address -version -o /tmp/ccppNFca.s
GNU C++14 (crosstool-NG esp-2020r3-49-gd5524c1) version 8.4.0 (xtensa-lx106-elf)
	compiled by GNU C version 4.9.2, GMP version 6.1.2, MPFR version 4.0.1, MPC version 1.1.0, isl version isl-0.19-GMP

GGC heuristics: --param ggc-min-expand=100 --param ggc-min-heapsize=131072
ignoring duplicate directory "/home/adrian/esp/xtensa-lx106-elf/bin/../lib/gcc/../../lib/gcc/xtensa-lx106-elf/8.4.0/../../../../xtensa-lx106-elf/include/c++/8.4.0"
ignoring duplicate directory "/home/adrian/esp/xtensa-lx106-elf/bin/../lib/gcc/../../lib/gcc/xtensa-lx106-elf/8.4.0/../../../../xtensa-lx106-elf/include/c++/8.4.0/xtensa-lx106-elf"
ignoring duplicate directory "/home/adrian/esp/xtensa-lx106-elf/bin/../lib/gcc/../../lib/gcc/xtensa-lx106-elf/8.4.0/../../../../xtensa-lx106-elf/include/c++/8.4.0/backward"
ignoring duplicate directory "/home/adrian/esp/xtensa-lx106-elf/bin/../lib/gcc/../../lib/gcc/xtensa-lx106-elf/8.4.0/include"
ignoring duplicate directory "/home/adrian/esp/xtensa-lx106-elf/bin/../lib/gcc/../../lib/gcc/xtensa-lx106-elf/8.4.0/include-fixed"
ignoring duplicate directory "/home/adrian/esp/xtensa-lx106-elf/bin/../lib/gcc/../../lib/gcc/xtensa-lx106-elf/8.4.0/../../../../xtensa-lx106-elf/sys-include"
ignoring duplicate directory "/home/adrian/esp/xtensa-lx106-elf/bin/../lib/gcc/../../lib/gcc/xtensa-lx106-elf/8.4.0/../../../../xtensa-lx106-elf/include"
#include "..." search starts here:
#include <...> search starts here:
 /home/adrian/esp/xtensa-lx106-elf/bin/../lib/gcc/xtensa-lx106-elf/8.4.0/../../../../xtensa-lx106-elf/include/c++/8.4.0
 /home/adrian/esp/xtensa-lx106-elf/bin/../lib/gcc/xtensa-lx106-elf/8.4.0/../../../../xtensa-lx106-elf/include/c++/8.4.0/xtensa-lx106-elf
 /home/adrian/esp/xtensa-lx106-elf/bin/../lib/gcc/xtensa-lx106-elf/8.4.0/../../../../xtensa-lx106-elf/include/c++/8.4.0/backward
 /home/adrian/esp/xtensa-lx106-elf/bin/../lib/gcc/xtensa-lx106-elf/8.4.0/include
 /home/adrian/esp/xtensa-lx106-elf/bin/../lib/gcc/xtensa-lx106-elf/8.4.0/include-fixed
 /home/adrian/esp/xtensa-lx106-elf/bin/../lib/gcc/xtensa-lx106-elf/8.4.0/../../../../xtensa-lx106-elf/sys-include
 /home/adrian/esp/xtensa-lx106-elf/bin/../lib/gcc/xtensa-lx106-elf/8.4.0/../../../../xtensa-lx106-elf/include
End of search list.
GNU C++14 (crosstool-NG esp-2020r3-49-gd5524c1) version 8.4.0 (xtensa-lx106-elf)
	compiled by GNU C version 4.9.2, GMP version 6.1.2, MPFR version 4.0.1, MPC version 1.1.0, isl version isl-0.19-GMP

GGC heuristics: --param ggc-min-expand=100 --param ggc-min-heapsize=131072
Compiler executable checksum: 6a42b2f4729ac0ea49ccdcd6bf20e2e4
COLLECT_GCC_OPTIONS='-mlongcalls' '-Wno-frame-address' '-v' '-o' 'CMakeFiles/cmTC_171f3.dir/CMakeCXXCompilerABI.cpp.obj' '-c'
 /home/adrian/esp/xtensa-lx106-elf/bin/../lib/gcc/xtensa-lx106-elf/8.4.0/../../../../xtensa-lx106-elf/bin/as --traditional-format --longcalls -o CMakeFiles/cmTC_171f3.dir/CMakeCXXCompilerABI.cpp.obj /tmp/ccppNFca.s
COMPILER_PATH=/home/adrian/esp/xtensa-lx106-elf/bin/../libexec/gcc/xtensa-lx106-elf/8.4.0/:/home/adrian/esp/xtensa-lx106-elf/bin/../libexec/gcc/:/home/adrian/esp/xtensa-lx106-elf/bin/../lib/gcc/xtensa-lx106-elf/8.4.0/../../../../xtensa-lx106-elf/bin/
LIBRARY_PATH=/home/adrian/esp/xtensa-lx106-elf/bin/../lib/gcc/xtensa-lx106-elf/8.4.0/:/home/adrian/esp/xtensa-lx106-elf/bin/../lib/gcc/:/home/adrian/esp/xtensa-lx106-elf/bin/../lib/gcc/xtensa-lx106-elf/8.4.0/../../../../xtensa-lx106-elf/lib/
COLLECT_GCC_OPTIONS='-mlongcalls' '-Wno-frame-address' '-v' '-o' 'CMakeFiles/cmTC_171f3.dir/CMakeCXXCompilerABI.cpp.obj' '-c'
[2/2] Linking CXX executable cmTC_171f3
Using built-in specs.
COLLECT_GCC=/home/adrian/esp/xtensa-lx106-elf/bin/xtensa-lx106-elf-g++
COLLECT_LTO_WRAPPER=/home/adrian/esp/xtensa-lx106-elf/bin/../libexec/gcc/xtensa-lx106-elf/8.4.0/lto-wrapper
Target: xtensa-lx106-elf
Configured with: /builds/idf/crosstool-NG/.build/xtensa-lx106-elf/src/gcc/configure --build=x86_64-build_pc-linux-gnu --host=x86_64-build_pc-linux-gnu --target=xtensa-lx106-elf --prefix=/builds/idf/crosstool-NG/builds/xtensa-lx106-elf --with-local-prefix=/builds/idf/crosstool-NG/builds/xtensa-lx106-elf/xtensa-lx106-elf --with-headers=/builds/idf/crosstool-NG/builds/xtensa-lx106-elf/xtensa-lx106-elf/include --with-newlib --enable-threads=no --disable-shared --with-pkgversion='crosstool-NG esp-2020r3-49-gd5524c1' --disable-__cxa_atexit --enable-cxx-flags=-ffunction-sections --disable-libgomp --disable-libmudflap --disable-libmpx --disable-libssp --disable-libquadmath --disable-libquadmath-support --with-gmp=/builds/idf/crosstool-NG/.build/xtensa-lx106-elf/buildtools --with-mpfr=/builds/idf/crosstool-NG/.build/xtensa-lx106-elf/buildtools --with-mpc=/builds/idf/crosstool-NG/.build/xtensa-lx106-elf/buildtools --with-isl=/builds/idf/crosstool-NG/.build/xtensa-lx106-elf/buildtools --enable-lto --enable-target-optspace --without-long-double-128 --disable-nls --enable-multiarch --enable-languages=c,c++ --disable-libstdcxx-verbose --enable-threads=posix --enable-libstdcxx-time=yes
Thread model: posix
gcc version 8.4.0 (crosstool-NG esp-2020r3-49-gd5524c1) 
COMPILER_PATH=/home/adrian/esp/xtensa-lx106-elf/bin/../libexec/gcc/xtensa-lx106-elf/8.4.0/:/home/adrian/esp/xtensa-lx106-elf/bin/../libexec/gcc/:/home/adrian/esp/xtensa-lx106-elf/bin/../lib/gcc/xtensa-lx106-elf/8.4.0/../../../../xtensa-lx106-elf/bin/
LIBRARY_PATH=/home/adrian/esp/xtensa-lx106-elf/bin/../lib/gcc/xtensa-lx106-elf/8.4.0/:/home/adrian/esp/xtensa-lx106-elf/bin/../lib/gcc/:/home/adrian/esp/xtensa-lx106-elf/bin/../lib/gcc/xtensa-lx106-elf/8.4.0/../../../../xtensa-lx106-elf/lib/
COLLECT_GCC_OPTIONS='-mlongcalls' '-Wno-frame-address' '-nostdlib' '-v' '-o' 'cmTC_171f3'
 /home/adrian/esp/xtensa-lx106-elf/bin/../libexec/gcc/xtensa-lx106-elf/8.4.0/collect2 -plugin /home/adrian/esp/xtensa-lx106-elf/bin/../libexec/gcc/xtensa-lx106-elf/8.4.0/liblto_plugin.so -plugin-opt=/home/adrian/esp/xtensa-lx106-elf/bin/../libexec/gcc/xtensa-lx106-elf/8.4.0/lto-wrapper -plugin-opt=-fresolution=/tmp/ccyJEs7t.res -o cmTC_171f3 -L/home/adrian/esp/xtensa-lx106-elf/bin/../lib/gcc/xtensa-lx106-elf/8.4.0 -L/home/adrian/esp/xtensa-lx106-elf/bin/../lib/gcc -L/home/adrian/esp/xtensa-lx106-elf/bin/../lib/gcc/xtensa-lx106-elf/8.4.0/../../../../xtensa-lx106-elf/lib --gc-sections CMakeFiles/cmTC_171f3.dir/CMakeCXXCompilerABI.cpp.obj
/home/adrian/esp/xtensa-lx106-elf/bin/../lib/gcc/xtensa-lx106-elf/8.4.0/../../../../xtensa-lx106-elf/bin/ld: warning: cannot find entry symbol _start; not setting start address
COLLECT_GCC_OPTIONS='-mlongcalls' '-Wno-frame-address' '-nostdlib' '-v' '-o' 'cmTC_171f3'



Parsed CXX implicit include dir info from above output: rv=done
  found start of include info
  found start of implicit include info
    add: [/home/adrian/esp/xtensa-lx106-elf/bin/../lib/gcc/xtensa-lx106-elf/8.4.0/../../../../xtensa-lx106-elf/include/c++/8.4.0]
    add: [/home/adrian/esp/xtensa-lx106-elf/bin/../lib/gcc/xtensa-lx106-elf/8.4.0/../../../../xtensa-lx106-elf/include/c++/8.4.0/xtensa-lx106-elf]
    add: [/home/adrian/esp/xtensa-lx106-elf/bin/../lib/gcc/xtensa-lx106-elf/8.4.0/../../../../xtensa-lx106-elf/include/c++/8.4.0/backward]
    add: [/home/adrian/esp/xtensa-lx106-elf/bin/../lib/gcc/xtensa-lx106-elf/8.4.0/include]
    add: [/home/adrian/esp/xtensa-lx106-elf/bin/../lib/gcc/xtensa-lx106-elf/8.4.0/include-fixed]
    add: [/home/adrian/esp/xtensa-lx106-elf/bin/../lib/gcc/xtensa-lx106-elf/8.4.0/../../../../xtensa-lx106-elf/sys-include]
    add: [/home/adrian/esp/xtensa-lx106-elf/bin/../lib/gcc/xtensa-lx106-elf/8.4.0/../../../../xtensa-lx106-elf/include]
  end of search list found
  collapse include dir [/home/adrian/esp/xtensa-lx106-elf/bin/../lib/gcc/xtensa-lx106-elf/8.4.0/../../../../xtensa-lx106-elf/include/c++/8.4.0] ==> [/home/adrian/esp/xtensa-lx106-elf/xtensa-lx106-elf/include/c++/8.4.0]
  collapse include dir [/home/adrian/esp/xtensa-lx106-elf/bin/../lib/gcc/xtensa-lx106-elf/8.4.0/../../../../xtensa-lx106-elf/include/c++/8.4.0/xtensa-lx106-elf] ==> [/home/adrian/esp/xtensa-lx106-elf/xtensa-lx106-elf/include/c++/8.4.0/xtensa-lx106-elf]
  collapse include dir [/home/adrian/esp/xtensa-lx106-elf/bin/../lib/gcc/xtensa-lx106-elf/8.4.0/../../../../xtensa-lx106-elf/include/c++/8.4.0/backward] ==> [/home/adrian/esp/xtensa-lx106-elf/xtensa-lx106-elf/include/c++/8.4.0/backward]
  collapse include dir [/home/adrian/esp/xtensa-lx106-elf/bin/../lib/gcc/xtensa-lx106-elf/8.4.0/include] ==> [/home/adrian/esp/xtensa-lx106-elf/lib/gcc/xtensa-lx106-elf/8.4.0/include]
  collapse include dir [/home/adrian/esp/xtensa-lx106-elf/bin/../lib/gcc/xtensa-lx106-elf/8.4.0/include-fixed] ==> [/home/adrian/esp/xtensa-lx106-elf/lib/gcc/xtensa-lx106-elf/8.4.0/include-fixed]
  collapse include dir [/home/adrian/esp/xtensa-lx106-elf/bin/../lib/gcc/xtensa-lx106-elf/8.4.0/../../../../xtensa-lx106-elf/sys-include] ==> [/home/adrian/esp/xtensa-lx106-elf/xtensa-lx106-elf/sys-include]
  collapse include dir [/home/adrian/esp/xtensa-lx106-elf/bin/../lib/gcc/xtensa-lx106-elf/8.4.0/../../../../xtensa-lx106-elf/include] ==> [/home/adrian/esp/xtensa-lx106-elf/xtensa-lx106-elf/include]
  implicit include dirs: [/home/adrian/esp/xtensa-lx106-elf/xtensa-lx106-elf/include/c++/8.4.0;/home/adrian/esp/xtensa-lx106-elf/xtensa-lx106-elf/include/c++/8.4.0/xtensa-lx106-elf;/home/adrian/esp/xtensa-lx106-elf/xtensa-lx106-elf/include/c++/8.4.0/backward;/home/adrian/esp/xtensa-lx106-elf/lib/gcc/xtensa-lx106-elf/8.4.0/include;/home/adrian/esp/xtensa-lx106-elf/lib/gcc/xtensa-lx106-elf/8.4.0/include-fixed;/home/adrian/esp/xtensa-lx106-elf/xtensa-lx106-elf/sys-include;/home/adrian/esp/xtensa-lx106-elf/xtensa-lx106-elf/include]


Parsed CXX implicit link information from above output:
  link line regex: [^( *|.*[/\])(xtensa-lx106-elf-ld|CMAKE_LINK_STARTFILE-NOTFOUND|([^/\]+-)?ld|collect2)[^/\]*( |$)]
  ignore line: [Change Dir: /home/adrian/esp/3006-workspace/Projects/group_project/build/CMakeFiles/CMakeTmp]
  ignore line: []
  ignore line: [Run Build Command(s):/usr/bin/ninja cmTC_171f3 && [1/2] Building CXX object CMakeFiles/cmTC_171f3.dir/CMakeCXXCompilerABI.cpp.obj]
  ignore line: [Using built-in specs.]
  ignore line: [COLLECT_GCC=/home/adrian/esp/xtensa-lx106-elf/bin/xtensa-lx106-elf-g++]
  ignore line: [Target: xtensa-lx106-elf]
  ignore line: [Configured with: /builds/idf/crosstool-NG/.build/xtensa-lx106-elf/src/gcc/configure --build=x86_64-build_pc-linux-gnu --host=x86_64-build_pc-linux-gnu --target=xtensa-lx106-elf --prefix=/builds/idf/crosstool-NG/builds/xtensa-lx106-elf --with-local-prefix=/builds/idf/crosstool-NG/builds/xtensa-lx106-elf/xtensa-lx106-elf --with-headers=/builds/idf/crosstool-NG/builds/xtensa-lx106-elf/xtensa-lx106-elf/include --with-newlib --enable-threads=no --disable-shared --with-pkgversion='crosstool-NG esp-2020r3-49-gd5524c1' --disable-__cxa_atexit --enable-cxx-flags=-ffunction-sections --disable-libgomp --disable-libmudflap --disable-libmpx --disable-libssp --disable-libquadmath --disable-libquadmath-support --with-gmp=/builds/idf/crosstool-NG/.build/xtensa-lx106-elf/buildtools --with-mpfr=/builds/idf/crosstool-NG/.build/xtensa-lx106-elf/buildtools --with-mpc=/builds/idf/crosstool-NG/.build/xtensa-lx106-elf/buildtools --with-isl=/builds/idf/crosstool-NG/.build/xtensa-lx106-elf/buildtools --enable-lto --enable-target-optspace --without-long-double-128 --disable-nls --enable-multiarch --enable-languages=c c++ --disable-libstdcxx-verbose --enable-threads=posix --enable-libstdcxx-time=yes]
  ignore line: [Thread model: posix]
  ignore line: [gcc version 8.4.0 (crosstool-NG esp-2020r3-49-gd5524c1) ]
  ignore line: [COLLECT_GCC_OPTIONS='-mlongcalls' '-Wno-frame-address' '-v' '-o' 'CMakeFiles/cmTC_171f3.dir/CMakeCXXCompilerABI.cpp.obj' '-c']
  ignore line: [ /home/adrian/esp/xtensa-lx106-elf/bin/../libexec/gcc/xtensa-lx106-elf/8.4.0/cc1plus -quiet -v -iprefix /home/adrian/esp/xtensa-lx106-elf/bin/../lib/gcc/xtensa-lx106-elf/8.4.0/ /usr/share/cmake-3.16/Modules/CMakeCXXCompilerABI.cpp -quiet -dumpbase CMakeCXXCompilerABI.cpp -mlongcalls -auxbase-strip CMakeFiles/cmTC_171f3.dir/CMakeCXXCompilerABI.cpp.obj -Wno-frame-address -version -o /tmp/ccppNFca.s]
  ignore line: [GNU C++14 (crosstool-NG esp-2020r3-49-gd5524c1) version 8.4.0 (xtensa-lx106-elf)]
  ignore line: [	compiled by GNU C version 4.9.2  GMP version 6.1.2  MPFR version 4.0.1  MPC version 1.1.0  isl version isl-0.19-GMP]
  ignore line: []
  ignore line: [GGC heuristics: --param ggc-min-expand=100 --param ggc-min-heapsize=131072]
  ignore line: [ignoring duplicate directory "/home/adrian/esp/xtensa-lx106-elf/bin/../lib/gcc/../../lib/gcc/xtensa-lx106-elf/8.4.0/../../../../xtensa-lx106-elf/include/c++/8.4.0"]
  ignore line: [ignoring duplicate directory "/home/adrian/esp/xtensa-lx106-elf/bin/../lib/gcc/../../lib/gcc/xtensa-lx106-elf/8.4.0/../../../../xtensa-lx106-elf/include/c++/8.4.0/xtensa-lx106-elf"]
  ignore line: [ignoring duplicate directory "/home/adrian/esp/xtensa-lx106-elf/bin/../lib/gcc/../../lib/gcc/xtensa-lx106-elf/8.4.0/../../../../xtensa-lx106-elf/include/c++/8.4.0/backward"]
  ignore line: [ignoring duplicate directory "/home/adrian/esp/xtensa-lx106-elf/bin/../lib/gcc/../../lib/gcc/xtensa-lx106-elf/8.4.0/include"]
  ignore line: [ignoring duplicate directory "/home/adrian/esp/xtensa-lx106-elf/bin/../lib/gcc/../../lib/gcc/xtensa-lx106-elf/8.4.0/include-fixed"]
  ignore line: [ignoring duplicate directory "/home/adrian/esp/xtensa-lx106-elf/bin/../lib/gcc/../../lib/gcc/xtensa-lx106-elf/8.4.0/../../../../xtensa-lx106-elf/sys-include"]
  ignore line: [ignoring duplicate directory "/home/adrian/esp/xtensa-lx106-elf/bin/../lib/gcc/../../lib/gcc/xtensa-lx106-elf/8.4.0/../../../../xtensa-lx106-elf/include"]
  ignore line: [#include "..." search starts here:]
  ignore line: [#include <...> search starts here:]
  ignore line: [ /home/adrian/esp/xtensa-lx106-elf/bin/../lib/gcc/xtensa-lx106-elf/8.4.0/../../../../xtensa-lx106-elf/include/c++/8.4.0]
  ignore line: [ /home/adrian/esp/xtensa-lx106-elf/bin/../lib/gcc/xtensa-lx106-elf/8.4.0/../../../../xtensa-lx106-elf/include/c++/8.4.0/xtensa-lx106-elf]
  ignore line: [ /home/adrian/esp/xtensa-lx106-elf/bin/../lib/gcc/xtensa-lx106-elf/8.4.0/../../../../xtensa-lx106-elf/include/c++/8.4.0/backward]
  ignore line: [ /home/adrian/esp/xtensa-lx106-elf/bin/../lib/gcc/xtensa-lx106-elf/8.4.0/include]
  ignore line: [ /home/adrian/esp/xtensa-lx106-elf/bin/../lib/gcc/xtensa-lx106-elf/8.4.0/include-fixed]
  ignore line: [ /home/adrian/esp/xtensa-lx106-elf/bin/../lib/gcc/xtensa-lx106-elf/8.4.0/../../../../xtensa-lx106-elf/sys-include]
  ignore line: [ /home/adrian/esp/xtensa-lx106-elf/bin/../lib/gcc/xtensa-lx106-elf/8.4.0/../../../../xtensa-lx106-elf/include]
  ignore line: [End of search list.]
  ignore line: [GNU C++14 (crosstool-NG esp-2020r3-49-gd5524c1) version 8.4.0 (xtensa-lx106-elf)]
  ignore line: [	compiled by GNU C version 4.9.2  GMP version 6.1.2  MPFR version 4.0.1  MPC version 1.1.0  isl version isl-0.19-GMP]
  ignore line: []
  ignore line: [GGC heuristics: --param ggc-min-expand=100 --param ggc-min-heapsize=131072]
  ignore line: [Compiler executable checksum: 6a42b2f4729ac0ea49ccdcd6bf20e2e4]
  ignore line: [COLLECT_GCC_OPTIONS='-mlongcalls' '-Wno-frame-address' '-v' '-o' 'CMakeFiles/cmTC_171f3.dir/CMakeCXXCompilerABI.cpp.obj' '-c']
  ignore line: [ /home/adrian/esp/xtensa-lx106-elf/bin/../lib/gcc/xtensa-lx106-elf/8.4.0/../../../../xtensa-lx106-elf/bin/as --traditional-format --longcalls -o CMakeFiles/cmTC_171f3.dir/CMakeCXXCompilerABI.cpp.obj /tmp/ccppNFca.s]
  ignore line: [COMPILER_PATH=/home/adrian/esp/xtensa-lx106-elf/bin/../libexec/gcc/xtensa-lx106-elf/8.4.0/:/home/adrian/esp/xtensa-lx106-elf/bin/../libexec/gcc/:/home/adrian/esp/xtensa-lx106-elf/bin/../lib/gcc/xtensa-lx106-elf/8.4.0/../../../../xtensa-lx106-elf/bin/]
  ignore line: [LIBRARY_PATH=/home/adrian/esp/xtensa-lx106-elf/bin/../lib/gcc/xtensa-lx106-elf/8.4.0/:/home/adrian/esp/xtensa-lx106-elf/bin/../lib/gcc/:/home/adrian/esp/xtensa-lx106-elf/bin/../lib/gcc/xtensa-lx106-elf/8.4.0/../../../../xtensa-lx106-elf/lib/]
  ignore line: [COLLECT_GCC_OPTIONS='-mlongcalls' '-Wno-frame-address' '-v' '-o' 'CMakeFiles/cmTC_171f3.dir/CMakeCXXCompilerABI.cpp.obj' '-c']
  ignore line: [[2/2] Linking CXX executable cmTC_171f3]
  ignore line: [Using built-in specs.]
  ignore line: [COLLECT_GCC=/home/adrian/esp/xtensa-lx106-elf/bin/xtensa-lx106-elf-g++]
  ignore line: [COLLECT_LTO_WRAPPER=/home/adrian/esp/xtensa-lx106-elf/bin/../libexec/gcc/xtensa-lx106-elf/8.4.0/lto-wrapper]
  ignore line: [Target: xtensa-lx106-elf]
  ignore line: [Configured with: /builds/idf/crosstool-NG/.build/xtensa-lx106-elf/src/gcc/configure --build=x86_64-build_pc-linux-gnu --host=x86_64-build_pc-linux-gnu --target=xtensa-lx106-elf --prefix=/builds/idf/crosstool-NG/builds/xtensa-lx106-elf --with-local-prefix=/builds/idf/crosstool-NG/builds/xtensa-lx106-elf/xtensa-lx106-elf --with-headers=/builds/idf/crosstool-NG/builds/xtensa-lx106-elf/xtensa-lx106-elf/include --with-newlib --enable-threads=no --disable-shared --with-pkgversion='crosstool-NG esp-2020r3-49-gd5524c1' --disable-__cxa_atexit --enable-cxx-flags=-ffunction-sections --disable-libgomp --disable-libmudflap --disable-libmpx --disable-libssp --disable-libquadmath --disable-libquadmath-support --with-gmp=/builds/idf/crosstool-NG/.build/xtensa-lx106-elf/buildtools --with-mpfr=/builds/idf/crosstool-NG/.build/xtensa-lx106-elf/buildtools --with-mpc=/builds/idf/crosstool-NG/.build/xtensa-lx106-elf/buildtools --with-isl=/builds/idf/crosstool-NG/.build/xtensa-lx106-elf/buildtools --enable-lto --enable-target-optspace --without-long-double-128 --disable-nls --enable-multiarch --enable-languages=c c++ --disable-libstdcxx-verbose --enable-threads=posix --enable-libstdcxx-time=yes]
  ignore line: [Thread model: posix]
  ignore line: [gcc version 8.4.0 (crosstool-NG esp-2020r3-49-gd5524c1) ]
  ignore line: [COMPILER_PATH=/home/adrian/esp/xtensa-lx106-elf/bin/../libexec/gcc/xtensa-lx106-elf/8.4.0/:/home/adrian/esp/xtensa-lx106-elf/bin/../libexec/gcc/:/home/adrian/esp/xtensa-lx106-elf/bin/../lib/gcc/xtensa-lx106-elf/8.4.0/../../../../xtensa-lx106-elf/bin/]
  ignore line: [LIBRARY_PATH=/home/adrian/esp/xtensa-lx106-elf/bin/../lib/gcc/xtensa-lx106-elf/8.4.0/:/home/adrian/esp/xtensa-lx106-elf/bin/../lib/gcc/:/home/adrian/esp/xtensa-lx106-elf/bin/../lib/gcc/xtensa-lx106-elf/8.4.0/../../../../xtensa-lx106-elf/lib/]
  ignore line: [COLLECT_GCC_OPTIONS='-mlongcalls' '-Wno-frame-address' '-nostdlib' '-v' '-o' 'cmTC_171f3']
  link line: [ /home/adrian/esp/xtensa-lx106-elf/bin/../libexec/gcc/xtensa-lx106-elf/8.4.0/collect2 -plugin /home/adrian/esp/xtensa-lx106-elf/bin/../libexec/gcc/xtensa-lx106-elf/8.4.0/liblto_plugin.so -plugin-opt=/home/adrian/esp/xtensa-lx106-elf/bin/../libexec/gcc/xtensa-lx106-elf/8.4.0/lto-wrapper -plugin-opt=-fresolution=/tmp/ccyJEs7t.res -o cmTC_171f3 -L/home/adrian/esp/xtensa-lx106-elf/bin/../lib/gcc/xtensa-lx106-elf/8.4.0 -L/home/adrian/esp/xtensa-lx106-elf/bin/../lib/gcc -L/home/adrian/esp/xtensa-lx106-elf/bin/../lib/gcc/xtensa-lx106-elf/8.4.0/../../../../xtensa-lx106-elf/lib --gc-sections CMakeFiles/cmTC_171f3.dir/CMakeCXXCompilerABI.cpp.obj]
    arg [/home/adrian/esp/xtensa-lx106-elf/bin/../libexec/gcc/xtensa-lx106-elf/8.4.0/collect2] ==> ignore
    arg [-plugin] ==> ignore
    arg [/home/adrian/esp/xtensa-lx106-elf/bin/../libexec/gcc/xtensa-lx106-elf/8.4.0/liblto_plugin.so] ==> ignore
    arg [-plugin-opt=/home/adrian/esp/xtensa-lx106-elf/bin/../libexec/gcc/xtensa-lx106-elf/8.4.0/lto-wrapper] ==> ignore
    arg [-plugin-opt=-fresolution=/tmp/ccyJEs7t.res] ==> ignore
    arg [-o] ==> ignore
    arg [cmTC_171f3] ==> ignore
    arg [-L/home/adrian/esp/xtensa-lx106-elf/bin/../lib/gcc/xtensa-lx106-elf/8.4.0] ==> dir [/home/adrian/esp/xtensa-lx106-elf/bin/../lib/gcc/xtensa-lx106-elf/8.4.0]
    arg [-L/home/adrian/esp/xtensa-lx106-elf/bin/../lib/gcc] ==> dir [/home/adrian/esp/xtensa-lx106-elf/bin/../lib/gcc]
    arg [-L/home/adrian/esp/xtensa-lx106-elf/bin/../lib/gcc/xtensa-lx106-elf/8.4.0/../../../../xtensa-lx106-elf/lib] ==> dir [/home/adrian/esp/xtensa-lx106-elf/bin/../lib/gcc/xtensa-lx106-elf/8.4.0/../../../../xtensa-lx106-elf/lib]
    arg [--gc-sections] ==> ignore
    arg [CMakeFiles/cmTC_171f3.dir/CMakeCXXCompilerABI.cpp.obj] ==> ignore
  collapse library dir [/home/adrian/esp/xtensa-lx106-elf/bin/../lib/gcc/xtensa-lx106-elf/8.4.0] ==> [/home/adrian/esp/xtensa-lx106-elf/lib/gcc/xtensa-lx106-elf/8.4.0]
  collapse library dir [/home/adrian/esp/xtensa-lx106-elf/bin/../lib/gcc] ==> [/home/adrian/esp/xtensa-lx106-elf/lib/gcc]
  collapse library dir [/home/adrian/esp/xtensa-lx106-elf/bin/../lib/gcc/xtensa-lx106-elf/8.4.0/../../../../xtensa-lx106-elf/lib] ==> [/home/adrian/esp/xtensa-lx106-elf/xtensa-lx106-elf/lib]
  implicit libs: []
  implicit dirs: [/home/adrian/esp/xtensa-lx106-elf/lib/gcc/xtensa-lx106-elf/8.4.0;/home/adrian/esp/xtensa-lx106-elf/lib/gcc;/home/adrian/esp/xtensa-lx106-elf/xtensa-lx106-elf/lib]
  implicit fwks: []


